<?xml version="1.0" encoding="UTF-8"?>
<testsuite name="br.com.peer.ecommerce.EcommerceApplicationTests" tests="1" skipped="0" failures="0" errors="0" timestamp="2025-04-28T05:01:26.630Z" hostname="DESKTOP-FUI53BO" time="0.286">
  <properties/>
  <testcase name="contextLoads()" classname="br.com.peer.ecommerce.EcommerceApplicationTests" time="0.286"/>
  <system-out><![CDATA[02:01:21.948 [Test worker] INFO org.springframework.test.context.support.AnnotationConfigContextLoaderUtils -- Could not detect default configuration classes for test class [br.com.peer.ecommerce.EcommerceApplicationTests]: EcommerceApplicationTests does not declare any static, non-private, non-final, nested classes annotated with @Configuration.
02:01:22.029 [Test worker] INFO org.springframework.boot.test.context.SpringBootTestContextBootstrapper -- Found @SpringBootConfiguration br.com.peer.ecommerce.EcommerceApplication for test class br.com.peer.ecommerce.EcommerceApplicationTests

  .   ____          _            __ _ _
 /\\ / ___'_ __ _ _(_)_ __  __ _ \ \ \ \
( ( )\___ | '_ | '_| | '_ \/ _` | \ \ \ \
 \\/  ___)| |_)| | | | | || (_| |  ) ) ) )
  '  |____| .__|_| |_|_| |_\__, | / / / /
 =========|_|==============|___/=/_/_/_/

 :: Spring Boot ::                (v3.4.4)

2025-04-28T02:01:22.314-03:00  INFO 4164 --- [    Test worker] b.c.p.e.EcommerceApplicationTests        : Starting EcommerceApplicationTests using Java 17.0.12 with PID 4164 (started by Cabraiz in C:\Users\Cabraiz\Documents\GitHub\ecommerce-api)
2025-04-28T02:01:22.315-03:00  INFO 4164 --- [    Test worker] b.c.p.e.EcommerceApplicationTests        : The following 1 profile is active: "dev"
2025-04-28T02:01:22.856-03:00  INFO 4164 --- [    Test worker] .s.d.r.c.RepositoryConfigurationDelegate : Bootstrapping Spring Data JPA repositories in DEFAULT mode.
2025-04-28T02:01:22.908-03:00  INFO 4164 --- [    Test worker] .s.d.r.c.RepositoryConfigurationDelegate : Finished Spring Data repository scanning in 43 ms. Found 8 JPA repository interfaces.
2025-04-28T02:01:23.251-03:00  INFO 4164 --- [    Test worker] o.hibernate.jpa.internal.util.LogHelper  : HHH000204: Processing PersistenceUnitInfo [name: default]
2025-04-28T02:01:23.304-03:00  INFO 4164 --- [    Test worker] org.hibernate.Version                    : HHH000412: Hibernate ORM core version 6.6.11.Final
2025-04-28T02:01:23.335-03:00  INFO 4164 --- [    Test worker] o.h.c.internal.RegionFactoryInitiator    : HHH000026: Second-level cache disabled
2025-04-28T02:01:23.579-03:00  INFO 4164 --- [    Test worker] o.s.o.j.p.SpringPersistenceUnitInfo      : No LoadTimeWeaver setup: ignoring JPA class transformer
2025-04-28T02:01:23.607-03:00  INFO 4164 --- [    Test worker] com.zaxxer.hikari.HikariDataSource       : HikariPool-1 - Starting...
2025-04-28T02:01:24.526-03:00  INFO 4164 --- [    Test worker] com.zaxxer.hikari.pool.HikariPool        : HikariPool-1 - Added connection org.postgresql.jdbc.PgConnection@7296fe0b
2025-04-28T02:01:24.528-03:00  INFO 4164 --- [    Test worker] com.zaxxer.hikari.HikariDataSource       : HikariPool-1 - Start completed.
2025-04-28T02:01:24.620-03:00  WARN 4164 --- [    Test worker] org.hibernate.orm.deprecation            : HHH90000025: PostgreSQLDialect does not need to be specified explicitly using 'hibernate.dialect' (remove the property setting and it will be selected by default)
2025-04-28T02:01:24.771-03:00  INFO 4164 --- [    Test worker] org.hibernate.orm.connections.pooling    : HHH10001005: Database info:
	Database JDBC URL [Connecting through datasource 'HikariDataSource (HikariPool-1)']
	Database driver: undefined/unknown
	Database version: 17.4
	Autocommit mode: undefined/unknown
	Isolation level: undefined/unknown
	Minimum pool size: undefined/unknown
	Maximum pool size: undefined/unknown
2025-04-28T02:01:25.437-03:00  INFO 4164 --- [    Test worker] o.h.e.t.j.p.i.JtaPlatformInitiator       : HHH000489: No JTA platform available (set 'hibernate.transaction.jta.platform' to enable JTA platform integration)
2025-04-28T02:01:25.766-03:00  INFO 4164 --- [    Test worker] j.LocalContainerEntityManagerFactoryBean : Initialized JPA EntityManagerFactory for persistence unit 'default'
2025-04-28T02:01:26.093-03:00  WARN 4164 --- [    Test worker] JpaBaseConfiguration$JpaWebConfiguration : spring.jpa.open-in-view is enabled by default. Therefore, database queries may be performed during view rendering. Explicitly configure spring.jpa.open-in-view to disable this warning
2025-04-28T02:01:26.119-03:00  WARN 4164 --- [    Test worker] .s.s.UserDetailsServiceAutoConfiguration : 

Using generated security password: 330472c2-d78c-453e-9977-41ad85f80ab2

This generated password is for development use only. Your security configuration must be updated before running your application in production.

2025-04-28T02:01:26.131-03:00  INFO 4164 --- [    Test worker] r$InitializeUserDetailsManagerConfigurer : Global AuthenticationManager configured with UserDetailsService bean with name inMemoryUserDetailsManager
2025-04-28T02:01:26.298-03:00  INFO 4164 --- [    Test worker] o.s.v.b.OptionalValidatorFactoryBean     : Failed to set up a Bean Validation provider: jakarta.validation.NoProviderFoundException: Unable to create a Configuration, because no Jakarta Bean Validation provider could be found. Add a provider like Hibernate Validator (RI) to your classpath.
2025-04-28T02:01:26.618-03:00  INFO 4164 --- [    Test worker] b.c.p.e.EcommerceApplicationTests        : Started EcommerceApplicationTests in 4.486 seconds (process running for 5.211)
]]></system-out>
  <system-err><![CDATA[]]></system-err>
</testsuite>
